<?xml version="1.0" encoding="UTF-8"?>
<testsuites name="Testing API CRUD" time="8.865" tests="4" failures="0" errors="0">
   <testsuite name="Testing API CRUD" tests="4" failures="0" errors="0" time="8.865" skipped="0" timestamp="2023-06-01 05:37:12" hostname="ACER - LAPTOP-CJR7DT6D" id="Test Suites/Testing API CRUD">
      <properties>
         <property name="deviceName" value=""/>
         <property name="devicePlatform" value=""/>
         <property name="logFolder" value="C:\\Users\\ACER\\git\\MobileTesting\\Reports\\20230601_053710\\Testing API CRUD\\20230601_053710"/>
         <property name="logFiles" value="C:\\Users\\ACER\\git\\MobileTesting\\Reports\\20230601_053710\\Testing API CRUD\\20230601_053710\\execution0.log"/>
         <property name="attachments" value=""/>
         <property name="hostName" value="ACER - LAPTOP-CJR7DT6D"/>
         <property name="hostAddress" value="192.168.1.27"/>
         <property name="os" value="Windows 10 64bit"/>
         <property name="katalonVersion" value="8.6.0.208"/>
      </properties>
      <testcase name="Test Cases/API Testing/Create a new booking" time="3.791" classname="Test Cases/API Testing/Create a new booking" status="PASSED">
         <system-out><![CDATA[2023-06-01 05:37:12 - [TEST_CASE][PASSED] - Test Cases/API Testing/Create a new booking: Test Cases/API Testing/Create a new booking

2023-06-01 05:37:13 - [TEST_STEP][PASSED] - response = sendRequest(findTestObject("API Testing/Create Booking")): Send request successfully

2023-06-01 05:37:16 - [MESSAGE][INFO] - HAR: C:\Users\ACER\git\MobileTesting\Reports\20230601_053710\Testing API CRUD\20230601_053710\requests\main\0.har

2023-06-01 05:37:16 - [MESSAGE][PASSED] - Send request successfully

2023-06-01 05:37:16 - [TEST_STEP][PASSED] - verifyResponseStatusCode(response, 200): Verify response status code successfully

2023-06-01 05:37:16 - [MESSAGE][PASSED] - Verify response status code successfully

2023-06-01 05:37:16 - [TEST_STEP][PASSED] - verifyElementPropertyValue(response, "booking.firstname", "Sam"): Verify element property value successfully

2023-06-01 05:37:16 - [MESSAGE][PASSED] - Verify element property value successfully

2023-06-01 05:37:16 - [TEST_STEP][PASSED] - verifyElementPropertyValue(response, "booking.lastname", "Brown"): Verify element property value successfully

2023-06-01 05:37:16 - [MESSAGE][PASSED] - Verify element property value successfully

2023-06-01 05:37:16 - [TEST_STEP][PASSED] - verifyElementPropertyValue(response, "booking.totalprice", "111"): Verify element property value successfully

2023-06-01 05:37:16 - [MESSAGE][PASSED] - Verify element property value successfully

2023-06-01 05:37:16 - [TEST_STEP][PASSED] - verifyElementPropertyValue(response, "booking.additionalneeds", "Breakfast"): Verify element property value successfully

2023-06-01 05:37:16 - [MESSAGE][PASSED] - Verify element property value successfully]]></system-out>
         <system-err><![CDATA[]]></system-err>
      </testcase>
      <testcase name="Test Cases/API Testing/Delete Booking" time="1.452" classname="Test Cases/API Testing/Delete Booking" status="PASSED">
         <system-out><![CDATA[2023-06-01 05:37:16 - [TEST_CASE][PASSED] - Test Cases/API Testing/Delete Booking: Test Cases/API Testing/Delete Booking

2023-06-01 05:37:16 - [TEST_STEP][PASSED] - response = sendRequest(findTestObject("API Testing/Delete Booking")): Send request successfully

2023-06-01 05:37:18 - [MESSAGE][INFO] - HAR: C:\Users\ACER\git\MobileTesting\Reports\20230601_053710\Testing API CRUD\20230601_053710\requests\main\1.har

2023-06-01 05:37:18 - [MESSAGE][PASSED] - Send request successfully]]></system-out>
         <system-err><![CDATA[]]></system-err>
      </testcase>
      <testcase name="Test Cases/API Testing/Get booking by Id" time="1.557" classname="Test Cases/API Testing/Get booking by Id" status="PASSED">
         <system-out><![CDATA[2023-06-01 05:37:18 - [TEST_CASE][PASSED] - Test Cases/API Testing/Get booking by Id: Test Cases/API Testing/Get booking by Id

2023-06-01 05:37:18 - [TEST_STEP][PASSED] - response = sendRequest(findTestObject("API Testing/Get booking details")): Send request successfully

2023-06-01 05:37:19 - [MESSAGE][INFO] - HAR: C:\Users\ACER\git\MobileTesting\Reports\20230601_053710\Testing API CRUD\20230601_053710\requests\main\2.har

2023-06-01 05:37:19 - [MESSAGE][PASSED] - Send request successfully

2023-06-01 05:37:19 - [TEST_STEP][PASSED] - verifyElementPropertyValue(response, "firstname", "John"): Verify element property value successfully

2023-06-01 05:37:19 - [MESSAGE][PASSED] - Verify element property value successfully

2023-06-01 05:37:19 - [TEST_STEP][PASSED] - verifyElementPropertyValue(response, "lastname", "Smith"): Verify element property value successfully

2023-06-01 05:37:19 - [MESSAGE][PASSED] - Verify element property value successfully

2023-06-01 05:37:19 - [TEST_STEP][PASSED] - verifyElementPropertyValue(response, "totalprice", "111"): Verify element property value successfully

2023-06-01 05:37:19 - [MESSAGE][PASSED] - Verify element property value successfully

2023-06-01 05:37:19 - [TEST_STEP][PASSED] - verifyElementPropertyValue(response, "additionalneeds", "Breakfast"): Verify element property value successfully

2023-06-01 05:37:19 - [MESSAGE][PASSED] - Verify element property value successfully]]></system-out>
         <system-err><![CDATA[]]></system-err>
      </testcase>
      <testcase name="Test Cases/API Testing/Update booking" time="1.759" classname="Test Cases/API Testing/Update booking" status="PASSED">
         <system-out><![CDATA[2023-06-01 05:37:19 - [TEST_CASE][PASSED] - Test Cases/API Testing/Update booking: Test Cases/API Testing/Update booking

2023-06-01 05:37:19 - [TEST_STEP][PASSED] - response = sendRequest(findTestObject("API Testing/Update Booking")): Send request successfully

2023-06-01 05:37:21 - [MESSAGE][INFO] - HAR: C:\Users\ACER\git\MobileTesting\Reports\20230601_053710\Testing API CRUD\20230601_053710\requests\main\3.har

2023-06-01 05:37:21 - [MESSAGE][PASSED] - Send request successfully

2023-06-01 05:37:21 - [TEST_STEP][PASSED] - verifyResponseStatusCode(response, 200): Verify response status code successfully

2023-06-01 05:37:21 - [MESSAGE][PASSED] - Verify response status code successfully

2023-06-01 05:37:21 - [TEST_STEP][PASSED] - verifyElementPropertyValue(response, "firstname", "James"): Verify element property value successfully

2023-06-01 05:37:21 - [MESSAGE][PASSED] - Verify element property value successfully

2023-06-01 05:37:21 - [TEST_STEP][PASSED] - verifyElementPropertyValue(response, "lastname", "Brown"): Verify element property value successfully

2023-06-01 05:37:21 - [MESSAGE][PASSED] - Verify element property value successfully

2023-06-01 05:37:21 - [TEST_STEP][PASSED] - verifyElementPropertyValue(response, "totalprice", "111"): Verify element property value successfully

2023-06-01 05:37:21 - [MESSAGE][PASSED] - Verify element property value successfully

2023-06-01 05:37:21 - [TEST_STEP][PASSED] - verifyElementPropertyValue(response, "additionalneeds", "Breakfast"): Verify element property value successfully

2023-06-01 05:37:21 - [MESSAGE][PASSED] - Verify element property value successfully]]></system-out>
         <system-err><![CDATA[]]></system-err>
      </testcase>
      <system-out><![CDATA[2023-06-01 05:37:12 - [TEST_SUITE][PASSED] - Testing API CRUD: Test Cases/API Testing/Update booking]]></system-out>
      <system-err><![CDATA[]]></system-err>
   </testsuite>
</testsuites>
